  Building Custom Rule C:/Users/Aptiva/Desktop/Project Skyfire/SkyFireEMU/src/server/shared/CMakeLists.txt
  CMake does not need to re-run because C:\Users\Aptiva\Desktop\Project Skyfire\SkyFireEMU\NEW\src\server\shared\CMakeFiles\generate.stamp is up-to-date.
  sharedPCH.cpp
  Config.cpp
  ARC4.cpp
  AuthCrypt.cpp
  BigNumber.cpp
  HMACSHA1.cpp
  SHA1.cpp
  AdhocStatement.cpp
  DatabaseWorker.cpp
  Field.cpp
  CharacterDatabase.cpp
  LoginDatabase.cpp
  WorldDatabase.cpp
  MySQLConnection.cpp
  PreparedStatement.cpp
  QueryHolder.cpp
  QueryResult.cpp
  SQLStorage.cpp
  Transaction.cpp
  DB2FileLoader.cpp
  DBCFileLoader.cpp
  Log.cpp
  DelayExecutor.cpp
  Threading.cpp
  EventProcessor.cpp
  ServiceWin32.cpp
  Util.cpp
  Common.cpp
  shared.vcxproj -> C:\Users\Aptiva\Desktop\Project Skyfire\SkyFireEMU\NEW\src\server\shared\Release\shared.lib
