  Building Custom Rule C:/Users/Aptiva/Desktop/Project Skyfire/SkyFireEMU/dep/mysqllite/CMakeLists.txt
  CMake does not need to re-run because C:\Users\Aptiva\Desktop\Project Skyfire\SkyFireEMU\NEW\dep\mysqllite\CMakeFiles\generate.stamp is up-to-date.
  get_password.c
  libmysql.c
  errmsg.c
  client.c
  my_time.c
  client_plugin.c
  pack.c
  password.c
  dbug.c
  array.c
  charset-def.c
  charset.c
  checksum.c
  default.c
  errors.c
  hash.c
  list.c
  md5.c
  mf_cache.c
  mf_dirname.c
  mf_fn_ext.c
  mf_format.c
  mf_getdate.c
  mf_iocache.c
  mf_iocache2.c
  mf_keycache.c
  mf_keycaches.c
  mf_loadpath.c
  mf_pack.c
  mf_path.c
  mf_qsort.c
  mf_qsort2.c
  mf_radix.c
  mf_same.c
  mf_sort.c
  mf_soundex.c
  mf_arr_appstr.c
  mf_tempdir.c
  mf_tempfile.c
  mf_unixpath.c
  mf_wcomp.c
  mulalloc.c
  my_access.c
  my_aes.c
  my_alloc.c
  my_bit.c
  my_bitmap.c
  my_chsize.c
  my_compress.c
  my_copy.c
  my_create.c
  my_delete.c
  my_div.c
  my_error.c
  my_file.c
  my_fopen.c
  my_fstream.c
  my_gethostbyname.c
  my_gethwaddr.c
  my_getopt.c
  my_getsystime.c
  my_getwd.c
  my_handler.c
  my_init.c
  my_lib.c
  my_lock.c
  my_malloc.c
  my_mess.c
  my_mkdir.c
  my_mmap.c
  my_once.c
  my_open.c
  my_pread.c
  my_pthread.c
  my_quick.c
  my_read.c
  my_redel.c
  my_rename.c
  my_seek.c
  my_sleep.c
  my_static.c
  my_symlink.c
  my_symlink2.c
  my_sync.c
  my_thr_init.c
  my_write.c
  ptr_cmp.c
  queues.c
  stacktrace.c
  rijndael.c
  sha1.c
  string.c
  thr_alarm.c
  thr_lock.c
  thr_mutex.c
  thr_rwlock.c
  tree.c
  typelib.c
  base64.c
  my_memmem.c
  my_getpagesize.c
  lf_alloc-pin.c
  lf_dynarray.c
  lf_hash.c
  my_atomic.c
  my_getncpus.c
  my_rdtsc.c
  my_winthread.c
  my_wincond.c
  my_winerr.c
  my_winfile.c
  my_windac.c
  my_conio.c
  bchange.c
  bmove_upp.c
  ctype-big5.c
  ctype-bin.c
  ctype-cp932.c
  ctype-czech.c
  ctype-euc_kr.c
  ctype-extra.c
  ctype-gb2312.c
  ctype-gbk.c
  ctype-latin1.c
  ctype-mb.c
  ctype-simple.c
  ctype-tis620.c
  ctype-uca.c
  ctype-ucs2.c
  ctype-utf8.c
  ctype-win1250ch.c
  ctype.c
  decimal.c
  dtoa.c
  int2str.c
  is_prefix.c
  llstr.c
  longlong2str.c
  my_strtoll10.c
  my_vsnprintf.c
  str2int.c
  str_alloc.c
  strcend.c
  strend.c
  strfill.c
  strmake.c
  strmov.c
  strnmov.c
  strxmov.c
  strxnmov.c
  xml.c
  my_strchr.c
  strcont.c
  strappend.c
  vio.c
  viosocket.c
  viossl.c
  viosslfactories.c
  net_serv.cc
     Creating library C:/Users/Aptiva/Desktop/Project Skyfire/SkyFireEMU/NEW/dep/mysqllite/Release/libmysql.lib and object C:/Users/Aptiva/Desktop/Project Skyfire/SkyFireEMU/NEW/dep/mysqllite/Release/libmysql.exp
  libmysql.vcxproj -> C:\Users\Aptiva\Desktop\Project Skyfire\SkyFireEMU\NEW\bin\Release\libmysql.dll
