  Building Custom Rule C:/Users/Aptiva/Desktop/Project Skyfire/SkyFireEMU/src/server/game/CMakeLists.txt
  CMake does not need to re-run because C:\Users\Aptiva\Desktop\Project Skyfire\SkyFireEMU\NEW\src\server\game\CMakeFiles\generate.stamp is up-to-date.
  gamePCH.cpp
  AccountMgr.cpp
  AchievementMgr.cpp
  AddonMgr.cpp
  CombatAI.cpp
  GameObjectAI.cpp
  GuardAI.cpp
  PassiveAI.cpp
  PetAI.cpp
  ReactorAI.cpp
  TotemAI.cpp
  UnitAI.cpp
  CreatureAI.cpp
  CreatureAIRegistry.cpp
  CreatureAISelector.cpp
  CreatureEventAI.cpp
  CreatureEventAIMgr.cpp
  ScriptedCreature.cpp
  ScriptedEscortAI.cpp
  ScriptedFollowerAI.cpp
  ScriptedSimpleAI.cpp
  SmartAI.cpp
  SmartScript.cpp
  SmartScriptMgr.cpp
  AuctionHouseMgr.cpp
  ArenaTeam.cpp
  Battleground.cpp
  BattlegroundMgr.cpp
  BattlegroundQueue.cpp
  BattlegroundAA.cpp
  BattlegroundAB.cpp
  BattlegroundAV.cpp
  BattlegroundBE.cpp
  BattlegroundBG.cpp
  BattlegroundDS.cpp
  BattlegroundEY.cpp
  BattlegroundIC.cpp
  BattlegroundNA.cpp
  BattlegroundRB.cpp
  BattlegroundRL.cpp
  BattlegroundRV.cpp
  BattlegroundSA.cpp
  BattlegroundTP.cpp
  BattlegroundWS.cpp
  Calendar.cpp
  Channel.cpp
  ChannelMgr.cpp
  Chat.cpp
  Debugcmds.cpp
  Level0.cpp
  Level1.cpp
  Level2.cpp
  Level3.cpp
  TicketCommands.cpp
  HostileRefManager.cpp
  ThreatManager.cpp
  ConditionMgr.cpp
  DisableMgr.cpp
  DB2Stores.cpp
  DBCStores.cpp
  DBCStructure.cpp
  LFGGroupData.cpp
  LFGMgr.cpp
  LFGPlayerData.cpp
  LFGScripts.cpp
  Corpse.cpp
  Creature.cpp
  CreatureGroups.cpp
  GossipDef.cpp
  TemporarySummon.cpp
  DynamicObject.cpp
  GameObject.cpp
  Bag.cpp
  Item.cpp
  ItemEnchantmentMgr.cpp
  Object.cpp
  ObjectPosSelector.cpp
  UpdateData.cpp
  Pet.cpp
  DKPlayer.cpp
  DruidPlayer.cpp
  HunterPlayer.cpp
  MagePlayer.cpp
  PaladinPlayer.cpp
  PriestPlayer.cpp
  RoguePlayer.cpp
  ShamanPlayer.cpp
  WarlockPlayer.cpp
  WarriorPlayer.cpp
  Player.cpp
  SocialMgr.cpp
  Totem.cpp
  Transport.cpp
  StatSystem.cpp
  Unit.cpp
  Vehicle.cpp
  GameEventMgr.cpp
  ObjectAccessor.cpp
  ObjectMgr.cpp
  GridStates.cpp
  GridNotifiers.cpp
  ObjectGridLoader.cpp
  Group.cpp
..\..\..\..\src\server\game\Groups\Group.cpp(705): warning C4018: '>=' : signed/unsigned mismatch
..\..\..\..\src\server\game\Groups\Group.cpp(793): warning C4018: '>=' : signed/unsigned mismatch
  GroupReference.cpp
  Guild.cpp
  GuildMgr.cpp
  InstanceSaveMgr.cpp
  InstanceScript.cpp
  LootMgr.cpp
  Mail.cpp
  Map.cpp
  MapInstanced.cpp
  MapManager.cpp
  MapUpdater.cpp
  DestinationHolder.cpp
  FollowerReference.cpp
  MotionMaster.cpp
  MovementGenerator.cpp
  ConfusedMovementGenerator.cpp
  FleeingMovementGenerator.cpp
  HomeMovementGenerator.cpp
  IdleMovementGenerator.cpp
  PointMovementGenerator.cpp
  RandomMovementGenerator.cpp
  TargetedMovementGenerator.cpp
  WaypointMovementGenerator.cpp
  WaypointManager.cpp
  OutdoorPvP.cpp
  OutdoorPvPMgr.cpp
  PoolMgr.cpp
  QuestDef.cpp
  ReputationMgr.cpp
  MapScripts.cpp
  ScriptLoader.cpp
  ScriptMgr.cpp
  ScriptSystem.cpp
  AddonHandler.cpp
  ArenaTeamHandler.cpp
  AuctionHouseHandler.cpp
  AuthHandler.cpp
  BattleGroundHandler.cpp
  CalendarHandler.cpp
  ChannelHandler.cpp
  CharacterHandler.cpp
  ChatHandler.cpp
  CombatHandler.cpp
  DuelHandler.cpp
  GroupHandler.cpp
  GuildHandler.cpp
  ItemHandler.cpp
  LFGHandler.cpp
  LootHandler.cpp
  MailHandler.cpp
  MiscHandler.cpp
  MovementHandler.cpp
  NPCHandler.cpp
  PetHandler.cpp
  PetitionsHandler.cpp
  QueryHandler.cpp
  QuestHandler.cpp
  SkillHandler.cpp
  SpellHandler.cpp
  TaxiHandler.cpp
  TicketHandler.cpp
  TradeHandler.cpp
  VoiceChatHandler.cpp
  Opcodes.cpp
  WorldLog.cpp
  WorldSession.cpp
  WorldSocket.cpp
  WorldSocketMgr.cpp
  SkillDiscovery.cpp
  SkillExtraItems.cpp
  SpellAuraEffects.cpp
  SpellAuras.cpp
  Spell.cpp
  SpellEffects.cpp
  SpellMgr.cpp
  SpellScript.cpp
  CreatureTextMgr.cpp
  CharacterDatabaseCleaner.cpp
  PlayerDump.cpp
  TicketMgr.cpp
  Weather.cpp
  WeatherMgr.cpp
  World.cpp
  game.vcxproj -> C:\Users\Aptiva\Desktop\Project Skyfire\SkyFireEMU\NEW\src\server\game\Release\game.lib
