  Building Custom Rule C:/Users/Aptiva/Desktop/Project Skyfire/SkyFireEMU/src/server/scripts/CMakeLists.txt
  CMake does not need to re-run because C:\Users\Aptiva\Desktop\Project Skyfire\SkyFireEMU\NEW\src\server\scripts\CMakeFiles\generate.stamp is up-to-date.
  ScriptPCH.cpp
  spell_shaman.cpp
  spell_hunter.cpp
  spell_rogue.cpp
  spell_druid.cpp
  spell_dk.cpp
  spell_quest.cpp
  spell_warrior.cpp
  spell_generic.cpp
  spell_warlock.cpp
  spell_priest.cpp
  spell_mage.cpp
  spell_paladin.cpp
  spell_item.cpp
  example_misc.cpp
  example_gossip_codebox.cpp
  example_escort.cpp
  example_creature.cpp
  example_spell.cpp
  example_commandscript.cpp
  cs_account.cpp
  cs_achievement.cpp
  cs_gm.cpp
  cs_npc.cpp
  cs_go.cpp
  cs_learn.cpp
  cs_modify.cpp
  cs_debug.cpp
  cs_reload.cpp
  ScriptedEscortAI.cpp
  ScriptedCreature.cpp
  ScriptedFollowerAI.cpp
  ScriptedSimpleAI.cpp
  achievement_scripts.cpp
  areatrigger_scripts.cpp
  boss_emeriss.cpp
  boss_lethon.cpp
  boss_taerar.cpp
  boss_ysondre.cpp
  chat_log.cpp
  go_scripts.cpp
  guards.cpp
  item_scripts.cpp
  mob_generic_creature.cpp
  npc_innkeeper.cpp
  npc_professions.cpp
  npc_taxi.cpp
  npcs_special.cpp
  npc_spell_click_spells.cpp
  OutdoorPvPTF.cpp
  OutdoorPvPSI.cpp
  OutdoorPvPZM.cpp
  OutdoorPvPNA.cpp
  OutdoorPvPHP.cpp
  OutdoorPvPEP.cpp
  OutdoorPvPGH.cpp
  ghostlands.cpp
  eversong_woods.cpp
  boss_galvangar.cpp
  boss_balinda.cpp
  boss_drekthar.cpp
  boss_vanndar.cpp
  alterac_valley.cpp
  boss_the_ravenian.cpp
  boss_instructor_malicia.cpp
  boss_death_knight_darkreaver.cpp
  boss_illucia_barov.cpp
  boss_vectus.cpp
  boss_jandice_barov.cpp
  boss_kormok.cpp
  boss_lord_alexei_barov.cpp
  boss_doctor_theolen_krastinov.cpp
  boss_darkmaster_gandling.cpp
  instance_scholomance.cpp
  boss_lorekeeper_polkelt.cpp
  boss_ras_frostwhisper.cpp
  isle_of_queldanas.cpp
  boss_kruul.cpp
  searing_gorge.cpp
  boss_hakkar.cpp
  boss_mandokir.cpp
  boss_marli.cpp
  boss_hazzarah.cpp
  boss_jeklik.cpp
  boss_grilek.cpp
  boss_renataki.cpp
  boss_arlokk.cpp
  boss_gahzranka.cpp
  boss_venoxis.cpp
  instance_zulgurub.cpp
  boss_jindo.cpp
  boss_wushoolay.cpp
  boss_thekal.cpp
  wetlands.cpp
  arathi_highlands.cpp
  instance_gnomeregan.cpp
  gnomeregan.cpp
  redridge_mountains.cpp
  boss_high_interrogator_gerstahn.cpp
  boss_gorosh_the_dervish.cpp
  blackrock_depths.cpp
  boss_anubshiah.cpp
  boss_tomb_of_seven.cpp
  boss_general_angerforge.cpp
  boss_grizzle.cpp
  boss_ambassador_flamelash.cpp
  instance_blackrock_depths.cpp
  boss_moira_bronzebeard.cpp
  boss_emperor_dagran_thaurissan.cpp
  boss_magmus.cpp
  ironforge.cpp
  chapter2.cpp
  chapter5.cpp
  chapter1.cpp
  the_scarlet_enclave.cpp
  eastern_plaguelands.cpp
  boss_gehennas.cpp
  boss_lucifron.cpp
  boss_golemagg.cpp
  boss_majordomo_executus.cpp
  boss_baron_geddon.cpp
  boss_ragnaros.cpp
  boss_garr.cpp
  instance_molten_core.cpp
  boss_sulfuron_harbinger.cpp
  boss_magmadar.cpp
  molten_core.cpp
  boss_shazzrah.cpp
  boss_baroness_anastari.cpp
  boss_nerubenkan.cpp
  instance_stratholme.cpp
  boss_dathrohan_balnazzar.cpp
  boss_timmy_the_cruel.cpp
  boss_baron_rivendare.cpp
  boss_magistrate_barthilas.cpp
  boss_order_of_silver_hand.cpp
  boss_ramstein_the_gorger.cpp
  boss_cannon_master_willey.cpp
  boss_maleki_the_pallid.cpp
  boss_postmaster_malown.cpp
  stratholme.cpp
  tirisfal_glades.cpp
  sunken_temple.cpp
  instance_sunken_temple.cpp
  boss_felblood_kaelthas.cpp
  boss_priestess_delrissa.cpp
  instance_magisters_terrace.cpp
  boss_selin_fireheart.cpp
  boss_vexallus.cpp
  magisters_terrace.cpp
  uldaman.cpp
  boss_ironaya.cpp
  instance_uldaman.cpp
  boss_archaedas.cpp
  swamp_of_sorrows.cpp
  boss_pyroguard_emberseer.cpp
  boss_drakkisath.cpp
  boss_warmaster_voone.cpp
  boss_mother_smolderweb.cpp
  boss_quartermaster_zigris.cpp
  boss_halycon.cpp
  boss_overlord_wyrmthalak.cpp
  boss_shadow_hunter_voshgajin.cpp
  boss_gyth.cpp
  boss_rend_blackhand.cpp
  boss_highlord_omokk.cpp
  boss_the_beast.cpp
  boss_eredar_twins.cpp
  boss_kiljaeden.cpp
  boss_muru.cpp
  instance_sunwell_plateau.cpp
  boss_kalecgos.cpp
  boss_brutallus.cpp
  sunwell_plateau.cpp
  boss_felmyst.cpp
  instance_the_stonecore.cpp
  the_stonecore.cpp
  stranglethorn_vale.cpp
  deadmines.cpp
  boss_mr_smite.cpp
  boss_glubtok.cpp
  instance_deadmines.cpp
  duskwood.cpp
  boss_azshir_the_sleepless.cpp
  boss_mograine_and_whitemane.cpp
  boss_bloodmage_thalnos.cpp
  boss_interrogator_vishas.cpp
  boss_headless_horseman.cpp
  instance_scarlet_monastery.cpp
  boss_houndmaster_loksey.cpp
  boss_high_inquisitor_fairbanks.cpp
  boss_arcanist_doan.cpp
  boss_herod.cpp
  boss_scorn.cpp
  dun_morogh.cpp
  undercity.cpp
  silvermoon_city.cpp
  loch_modan.cpp
  shadowfang_keep.cpp
  instance_shadowfang_keep.cpp
  burning_steppes.cpp
  boss_chromaggus.cpp
  boss_razorgore.cpp
  boss_firemaw.cpp
  boss_broodlord_lashlayer.cpp
  boss_ebonroc.cpp
  instance_blackwing_lair.cpp
  boss_vaelastrasz.cpp
  boss_nefarian.cpp
  boss_flamegor.cpp
  boss_victor_nefarius.cpp
  blasted_lands.cpp
  elwynn_forest.cpp
  stormwind_city.cpp
  boss_halazzi.cpp
  boss_hexlord.cpp
  boss_zuljin.cpp
  boss_akilzon.cpp
  instance_zulaman.cpp
  boss_janalai.cpp
  boss_nalorakk.cpp
  zulaman.cpp
  hinterlands.cpp
  western_plaguelands.cpp
  alterac_mountains.cpp
  westfall.cpp
  silverpine_forest.cpp
  instance_karazhan.cpp
  boss_nightbane.cpp
  karazhan.cpp
  boss_curator.cpp
  boss_shade_of_aran.cpp
  boss_netherspite.cpp
  boss_maiden_of_virtue.cpp
  boss_midnight.cpp
  boss_prince_malchezaar.cpp
  bosses_opera.cpp
  boss_moroes.cpp
  boss_terestian_illhoof.cpp
  gilneas_quest.cpp
  gilneas.cpp
  instance_baradin_hold.cpp
  boss_argaloth.cpp
  instance_blackrock_caverns.cpp
  instance_grim_batol.cpp
  instance_throne_of_the_tides.cpp
  stonetalon_mountains.cpp
  silithus.cpp
  moonglade.cpp
  razorfen_downs.cpp
  instance_razorfen_downs.cpp
  boss_amnennar_the_coldbringer.cpp
  zulfarrak.cpp
  instance_zulfarrak.cpp
  boss_epoch_hunter.cpp
  boss_leutenant_drake.cpp
  old_hillsbrad.cpp
  instance_old_hillsbrad.cpp
  boss_captain_skarloc.cpp
  boss_archimonde.cpp
  boss_kazrogal.cpp
  hyjal_trash.cpp
  hyjal.cpp
  hyjalAI.cpp
  instance_hyjal.cpp
  boss_rage_winterchill.cpp
  boss_azgalor.cpp
  boss_anetheron.cpp
  boss_infinite.cpp
  boss_salramm.cpp
  boss_meathook.cpp
  boss_mal_ganis.cpp
  boss_epoch.cpp
  culling_of_stratholme.cpp
  instance_culling_of_stratholme.cpp
  instance_dark_portal.cpp
  boss_chrono_lord_deja.cpp
  dark_portal.cpp
  boss_aeonus.cpp
  boss_temporus.cpp
  npc_pusillin.cpp
  boss_kelris.cpp
  instance_blackfathom_deeps.cpp
  boss_gelihast.cpp
  blackfathom_deeps.cpp
  boss_aku_mai.cpp
  azuremyst_isle.cpp
  orgrimmar.cpp
  desolace.cpp
  feralas.cpp
  boss_princess_theradras.cpp
  boss_landslide.cpp
  boss_celebras_the_cursed.cpp
  boss_noxxion.cpp
  boss_fankriss.cpp
  boss_huhuran.cpp
  instance_temple_of_ahnqiraj.cpp
  mob_anubisath_sentinel.cpp
  boss_viscidus.cpp
  boss_twinemperors.cpp
  boss_sartura.cpp
  boss_cthun.cpp
  boss_skeram.cpp
  boss_ouro.cpp
  boss_bug_trio.cpp
  darkshore.cpp
  boss_buru.cpp
  instance_ruins_of_ahnqiraj.cpp
  boss_rajaxx.cpp
  boss_ossirian.cpp
  boss_ayamiss.cpp
  boss_moam.cpp
  boss_kurinnaxx.cpp
  mulgore.cpp
  bloodmyst_isle.cpp
  thunder_bluff.cpp
  azshara.cpp
  instance_razorfen_kraul.cpp
  razorfen_kraul.cpp
  the_barrens.cpp
  ungoro_crater.cpp
  instance_wailing_caverns.cpp
  wailing_caverns.cpp
  durotar.cpp
  felwood.cpp
  boss_azuregos.cpp
  tanaris.cpp
  dustwallow_marsh.cpp
  winterspring.cpp
  thousand_needles.cpp
  ashenvale.cpp
  teldrassil.cpp
  boss_onyxia.cpp
  instance_onyxias_lair.cpp
  instance_lost_city_of_the_tolvir.cpp
  lost_city_of_the_tolvir.cpp
  boss_lockmaw.cpp
  boss_high_prophet_barim.cpp
  instance_halls_of_origination.cpp
  boss_temple_guardian_anhuur.cpp
  boss_earthrager_ptah.cpp
  boss_anraphet.cpp
  instance_the_vortex_pinnacle.cpp
  nagrand.cpp
  instance_magtheridons_lair.cpp
  boss_magtheridon.cpp
  instance_hellfire_ramparts.cpp
  boss_omor_the_unscarred.cpp
  boss_watchkeeper_gargolmar.cpp
  boss_vazruden_the_herald.cpp
  boss_the_maker.cpp
  boss_kelidan_the_breaker.cpp
  instance_blood_furnace.cpp
  boss_broggok.cpp
  boss_warchief_kargath_bladefist.cpp
  boss_nethekurse.cpp
  instance_shattered_halls.cpp
  boss_warbringer_omrogg.cpp
  boss_mekgineer_steamrigger.cpp
  instance_steam_vault.cpp
  boss_hydromancer_thespia.cpp
  boss_warlord_kalithresh.cpp
  boss_hydross_the_unstable.cpp
  boss_fathomlord_karathress.cpp
  instance_serpent_shrine.cpp
  boss_lady_vashj.cpp
  boss_leotheras_the_blind.cpp
  boss_lurker_below.cpp
  boss_morogrim_tidewalker.cpp
  boss_hungarfen.cpp
  boss_the_black_stalker.cpp
  shattrath_city.cpp
  boss_pathaleon_the_calculator.cpp
  boss_nethermancer_sepethrea.cpp
  boss_gatewatcher_gyrokill.cpp
  instance_mechanar.cpp
  boss_gatewatcher_ironhand.cpp
  instance_the_eye.cpp
  boss_void_reaver.cpp
  boss_astromancer.cpp
  boss_alar.cpp
  boss_kaelthas.cpp
  the_eye.cpp
  boss_high_botanist_freywinn.cpp
  boss_warp_splinter.cpp
  boss_laj.cpp
  boss_harbinger_skyriss.cpp
  instance_arcatraz.cpp
  arcatraz.cpp
  boss_shirrak_the_dead_watcher.cpp
  boss_exarch_maladaar.cpp
  boss_pandemonius.cpp
  boss_nexusprince_shaffar.cpp
  boss_tailonking_ikiss.cpp
  boss_darkweaver_syth.cpp
  instance_sethekk_halls.cpp
  boss_murmur.cpp
  boss_ambassador_hellmaw.cpp
  boss_blackheart_the_inciter.cpp
  instance_shadow_labyrinth.cpp
  boss_grandmaster_vorpil.cpp
  boss_doomwalker.cpp
  terokkar_forest.cpp
  hellfire_peninsula.cpp
  boss_doomlord_kazzak.cpp
  boss_teron_gorefiend.cpp
  illidari_council.cpp
  boss_shade_of_akama.cpp
  boss_supremus.cpp
  black_temple.cpp
  boss_mother_shahraz.cpp
  instance_black_temple.cpp
  boss_reliquary_of_souls.cpp
  boss_warlord_najentus.cpp
  boss_bloodboil.cpp
  boss_illidan.cpp
  shadowmoon_valley.cpp
  blades_edge_mountains.cpp
  boss_high_king_maulgar.cpp
  boss_gruul.cpp
  instance_gruuls_lair.cpp
  netherstorm.cpp
  zangarmarsh.cpp
  isle_of_conquest.cpp
  storm_peaks.cpp
  instance_halls_of_lightning.cpp
  boss_bjarngrim.cpp
  boss_ionar.cpp
  boss_volkhan.cpp
  boss_loken.cpp
  boss_general_vezax.cpp
  ulduar_teleporter.cpp
  boss_thorim.cpp
  boss_ignis.cpp
  boss_algalon.cpp
  instance_ulduar.cpp
  boss_auriaya.cpp
  boss_yoggsaron.cpp
  boss_hodir.cpp
  boss_assembly_of_iron.cpp
  boss_flame_leviathan.cpp
  boss_xt002.cpp
  boss_mimiron.cpp
  boss_freya.cpp
  boss_razorscale.cpp
  boss_kologarn.cpp
  boss_krystallus.cpp
  instance_halls_of_stone.cpp
  boss_maiden_of_grief.cpp
  boss_sjonnir.cpp
  halls_of_stone.cpp
  instance_obsidian_sanctum.cpp
  boss_sartharion.cpp
  boss_falric.cpp
  instance_halls_of_reflection.cpp
  halls_of_reflection.cpp
  boss_marwyn.cpp
  boss_forgemaster_garfrost.cpp
  boss_krickandick.cpp
  pit_of_saron.cpp
  boss_scourgelord_tyrannus.cpp
  instance_pit_of_saron.cpp
  forge_of_souls.cpp
  boss_bronjahm.cpp
  instance_forge_of_souls.cpp
  boss_devourer_of_souls.cpp
  boss_malygos.cpp
  instance_eye_of_eternity.cpp
  boss_eregos.cpp
  boss_drakos.cpp
  boss_varos.cpp
  boss_urom.cpp
  oculus.cpp
  instance_oculus.cpp
  commander_kolurg.cpp
  commander_stoutbeard.cpp
  boss_ormorok.cpp
  boss_magus_telestra.cpp
  instance_nexus.cpp
  boss_keristrasza.cpp
  boss_anomalus.cpp
  boss_anubarak_trial.cpp
  boss_faction_champions.cpp
  boss_lord_jaraxxus.cpp
  boss_northrend_beasts.cpp
  trial_of_the_crusader.cpp
  boss_twin_valkyr.cpp
  instance_trial_of_the_crusader.cpp
  trial_of_the_champion.cpp
  boss_grand_champions.cpp
  boss_black_knight.cpp
  instance_trial_of_the_champion.cpp
  boss_argent_challenge.cpp
  boss_loatheb.cpp
  boss_anubrekhan.cpp
  boss_maexxna.cpp
  boss_patchwerk.cpp
  boss_gothik.cpp
  boss_faerlina.cpp
  boss_gluth.cpp
  boss_four_horsemen.cpp
  boss_kelthuzad.cpp
  boss_heigan.cpp
  boss_thaddius.cpp
  boss_razuvious.cpp
  boss_sapphiron.cpp
  instance_naxxramas.cpp
  boss_grobbulus.cpp
  boss_noth.cpp
  crystalsong_forest.cpp
  boss_archavon.cpp
  boss_koralon.cpp
  instance_vault_of_archavon.cpp
  boss_emalon.cpp
  boss_toravon.cpp
  sholazar_basin.cpp
  boss_palehoof.cpp
  boss_svala.cpp
  instance_pinnacle.cpp
  boss_ymiron.cpp
  boss_skadi.cpp
  boss_ingvar_the_plunderer.cpp
  boss_skarvald_dalronn.cpp
  instance_utgarde_keep.cpp
  boss_keleseth.cpp
  utgarde_keep.cpp
  dragonblight.cpp
  grizzly_hills.cpp
  instance_azjol_nerub.cpp
  boss_krikthir_the_gatewatcher.cpp
  boss_hadronox.cpp
  boss_anubarak.cpp
  boss_herald_volazj.cpp
  boss_prince_taldaram.cpp
  instance_ahnkahet.cpp
  boss_jedoga_shadowseeker.cpp
  boss_elder_nadox.cpp
  boss_amanitar.cpp
  boss_zuramat.cpp
  instance_violet_hold.cpp
  boss_lavanthor.cpp
  boss_cyanigosa.cpp
  boss_ichoron.cpp
  boss_moragg.cpp
  boss_xevozz.cpp
  boss_erekem.cpp
  violet_hold.cpp
  instance_icecrown_citadel.cpp
  icecrown_citadel.cpp
  icecrown_citadel_teleport.cpp
  boss_lord_marrowgar.cpp
  boss_lady_deathwhisper.cpp
  boss_deathbringer_saurfang.cpp
  boss_festergut.cpp
  boss_rotface.cpp
  boss_professor_putricide.cpp
  boss_blood_prince_council.cpp
  boss_blood_queen_lana_thel.cpp
  boss_sindragosa.cpp
  zuldrak.cpp
  icecrown.cpp
  boss_slad_ran.cpp
  instance_gundrak.cpp
  boss_drakkari_colossus.cpp
  boss_gal_darah.cpp
  boss_moorabi.cpp
  boss_eck.cpp
  borean_tundra.cpp
  howling_fjord.cpp
  dalaran.cpp
  boss_trollgore.cpp
  instance_drak_tharon_keep.cpp
  boss_novos.cpp
  boss_tharon_ja.cpp
  boss_dred.cpp
  scripts.vcxproj -> C:\Users\Aptiva\Desktop\Project Skyfire\SkyFireEMU\NEW\src\server\scripts\Release\scripts.lib
